

Microchip MPLAB XC8 Assembler V2.46 build 20240104201356 
                                                                                               Mon Sep 30 12:47:03 2024

Microchip MPLAB XC8 C Compiler v2.46 (Free license) build 20240104201356 Og1 
     1                           	processor	18F4620
     2                           	fnconf	rparam,??,?,0
     3                           	pagewidth 120
     4                           	opt	flic
     5                           	psect	idataCOMRAM,global,class=CODE,delta=1,noexec
     6                           	psect	cinit,global,reloc=2,class=CODE,delta=1
     7                           	psect	bssCOMRAM,global,class=COMRAM,space=1,delta=1,lowdata,noexec
     8                           	psect	dataCOMRAM,global,class=COMRAM,space=1,delta=1,lowdata,noexec
     9                           	psect	cstackCOMRAM,global,class=COMRAM,space=1,delta=1,lowdata,noexec
    10                           	psect	text0,global,reloc=2,class=CODE,delta=1
    11                           	psect	text1,global,reloc=2,class=CODE,delta=1
    12                           	psect	text2,global,reloc=2,class=CODE,delta=1
    13                           	psect	text3,global,reloc=2,class=CODE,delta=1,inline
    14                           	psect	text4,global,reloc=2,class=CODE,delta=1
    15                           	psect	intcode,global,reloc=2,class=CODE,delta=1
    16                           	psect	intcode_body,global,reloc=2,class=CODE,delta=1
    17                           	psect	text6,global,reloc=2,class=CODE,delta=1
    18                           	psect	text7,global,reloc=2,class=CODE,delta=1
    19                           	psect	text8,global,reloc=2,class=CODE,delta=1
    20                           	psect	text9,global,reloc=2,class=CODE,delta=1
    21                           	psect	text10,global,reloc=2,class=CODE,delta=1
    22                           	psect	smallconst,global,reloc=2,class=SMALLCONST,delta=1,noexec
    23                           	psect	intsave_regs,global,class=BIGRAM,space=1,delta=1,noexec
    24                           	psect	rparam,global,class=COMRAM,space=1,delta=1,noexec
    25                           	psect	temp,global,ovrld,common,class=COMRAM,space=1,delta=1,lowdata
    26   000000                     
    27                           ; Generated 17/10/2023 GMT
    28                           ; 
    29                           ; Copyright © 2023, Microchip Technology Inc. and its subsidiaries ("Microchip")
    30                           ; All rights reserved.
    31                           ; 
    32                           ; This software is developed by Microchip Technology Inc. and its subsidiaries ("Microch
      +                          ip").
    33                           ; 
    34                           ; Redistribution and use in source and binary forms, with or without modification, are
    35                           ; permitted provided that the following conditions are met:
    36                           ; 
    37                           ;     1. Redistributions of source code must retain the above copyright notice, this lis
      +                          t of
    38                           ;        conditions and the following disclaimer.
    39                           ; 
    40                           ;     2. Redistributions in binary form must reproduce the above copyright notice, this 
      +                          list
    41                           ;        of conditions and the following disclaimer in the documentation and/or other
    42                           ;        materials provided with the distribution. Publication is not required when
    43                           ;        this file is used in an embedded application.
    44                           ; 
    45                           ;     3. Microchip's name may not be used to endorse or promote products derived from th
      +                          is
    46                           ;        software without specific prior written permission.
    47                           ; 
    48                           ; THIS SOFTWARE IS PROVIDED BY MICROCHIP "AS IS" AND ANY EXPRESS OR IMPLIED WARRANTIES,
    49                           ; INCLUDING, BUT NOT LIMITED TO, THE IMPLIED WARRANTIES OF MERCHANTABILITY AND FITNESS F
      +                          OR
    50                           ; PURPOSE ARE DISCLAIMED.  IN NO EVENT SHALL MICROCHIP BE LIABLE FOR ANY DIRECT, INDIREC
      +                          T,
    51                           ; INCIDENTAL, SPECIAL, EXEMPLARY, OR CONSEQUENTIAL DAMAGES (INCLUDING BUT NOT LIMITED TO
    52                           ; PROCUREMENT OF SUBSTITUTE GOODS OR SERVICES; LOSS OF USE, DATA OR PROFITS; OR BUSINESS
    53                           ; INTERRUPTION) HOWSOEVER CAUSED AND ON ANY THEORY OF LIABILITY, WHETHER IN CONTRACT, ST
      +                          RICT
    54                           ; LIABILITY, OR TORT (INCLUDING NEGLIGENCE OR OTHERWISE) ARISING IN ANY WAY OUT OF THE U
      +                          SE OF
    55                           ; THIS SOFTWARE, EVEN IF ADVISED OF THE POSSIBILITY OF SUCH DAMAGE.
    56                           ; 
    57                           ; 
    58                           ; Code-generator required, PIC18F4620 Definitions
    59                           ; 
    60                           ; SFR Addresses
    61   000000                     
    62                           	psect	idataCOMRAM
    63   0012BE                     __pidataCOMRAM:
    64                           	callstack 0
    65                           
    66                           ;initializer for _lat_registers
    67   0012BE  89                 	db	137
    68   0012BF  0F                 	db	15
    69   0012C0  8A                 	db	138
    70   0012C1  0F                 	db	15
    71   0012C2  8B                 	db	139
    72   0012C3  0F                 	db	15
    73   0012C4  8C                 	db	140
    74   0012C5  0F                 	db	15
    75   0012C6  8D                 	db	141
    76   0012C7  0F                 	db	15
    77                           
    78                           ;initializer for _port_registers
    79   0012C8  80                 	db	128
    80   0012C9  0F                 	db	15
    81   0012CA  81                 	db	129
    82   0012CB  0F                 	db	15
    83   0012CC  82                 	db	130
    84   0012CD  0F                 	db	15
    85   0012CE  83                 	db	131
    86   0012CF  0F                 	db	15
    87   0012D0  84                 	db	132
    88   0012D1  0F                 	db	15
    89                           
    90                           ;initializer for _tris_registers
    91   0012D2  92                 	db	146
    92   0012D3  0F                 	db	15
    93   0012D4  93                 	db	147
    94   0012D5  0F                 	db	15
    95   0012D6  94                 	db	148
    96   0012D7  0F                 	db	15
    97   0012D8  95                 	db	149
    98   0012D9  0F                 	db	15
    99   0012DA  96                 	db	150
   100   0012DB  0F                 	db	15
   101   000000                     _TMR3L	set	4018
   102   000000                     _TMR3H	set	4019
   103   000000                     _TMR1L	set	4046
   104   000000                     _TMR1H	set	4047
   105   000000                     _TMR0L	set	4054
   106   000000                     _TMR0H	set	4055
   107   000000                     _LATA	set	3977
   108   000000                     _PORTE	set	3972
   109   000000                     _PORTD	set	3971
   110   000000                     _PORTC	set	3970
   111   000000                     _PORTB	set	3969
   112   000000                     _PORTA	set	3968
   113   000000                     _TRISA	set	3986
   114   000000                     _PIE1bits	set	3997
   115   000000                     _INTCONbits	set	4082
   116   000000                     _TRISE	set	3990
   117   000000                     _TRISD	set	3989
   118   000000                     _TRISC	set	3988
   119   000000                     _TRISB	set	3987
   120   000000                     _LATE	set	3981
   121   000000                     _LATD	set	3980
   122   000000                     _LATC	set	3979
   123   000000                     _LATB	set	3978
   124   000000                     _PIE2bits	set	4000
   125   000000                     _PIR1bits	set	3998
   126   000000                     _T3CONbits	set	4017
   127   000000                     _T2CONbits	set	4042
   128   000000                     _T1CONbits	set	4045
   129   000000                     _T0CONbits	set	4053
   130   000000                     _PIR2bits	set	4001
   131   000000                     _TMR2	set	4044
   132                           
   133                           ; #config settings
   134                           
   135                           	psect	cinit
   136   0011FA                     __pcinit:
   137                           	callstack 0
   138   0011FA                     start_initialization:
   139                           	callstack 0
   140   0011FA                     __initialization:
   141                           	callstack 0
   142                           
   143                           ; Initialize objects allocated to COMRAM (30 bytes)
   144                           ; load TBLPTR registers with __pidataCOMRAM
   145   0011FA  0EBE               	movlw	low __pidataCOMRAM
   146   0011FC  6EF6               	movwf	tblptrl,c
   147   0011FE  0E12               	movlw	high __pidataCOMRAM
   148   001200  6EF7               	movwf	tblptrh,c
   149   001202  0E00               	movlw	low (__pidataCOMRAM shr (0+16))
   150   001204  6EF8               	movwf	tblptru,c
   151   001206  EE00  F001         	lfsr	0,__pdataCOMRAM
   152   00120A  EE10 F01E          	lfsr	1,30
   153   00120E                     copy_data0:
   154   00120E  0009               	tblrd		*+
   155   001210  CFF5 FFEE          	movff	tablat,postinc0
   156   001214  50E5               	movf	postdec1,w,c
   157   001216  50E1               	movf	fsr1l,w,c
   158   001218  E1FA               	bnz	copy_data0
   159                           
   160                           ; Clear objects allocated to COMRAM (28 bytes)
   161   00121A  EE00  F01F         	lfsr	0,__pbssCOMRAM
   162   00121E  0E1C               	movlw	28
   163   001220                     clear_0:
   164   001220  6AEE               	clrf	postinc0,c
   165   001222  06E8               	decf	wreg,f,c
   166   001224  E1FD               	bnz	clear_0
   167   001226                     end_of_initialization:
   168                           	callstack 0
   169   001226                     __end_of__initialization:
   170                           	callstack 0
   171   001226  9045               	bcf	int$flags,0,c	;clear compiler interrupt flag (level 1)
   172   001228  9245               	bcf	int$flags,1,c	;clear compiler interrupt flag (level 2)
   173   00122A  0E00               	movlw	low (__Lmediumconst shr (0+16))
   174   00122C  6EF8               	movwf	tblptru,c
   175   00122E  0100               	movlb	0
   176   001230  EF36  F009         	goto	_main	;jump to C main() function
   177                           
   178                           	psect	bssCOMRAM
   179   00001F                     __pbssCOMRAM:
   180                           	callstack 0
   181   00001F                     _tmr3_preload_data:
   182                           	callstack 0
   183   00001F                     	ds	2
   184   000021                     _Tmr3_InterruptHandler:
   185                           	callstack 0
   186   000021                     	ds	2
   187   000023                     _tmr_InterruptHandler:
   188                           	callstack 0
   189   000023                     	ds	2
   190   000025                     _tmr3_counter_count:
   191                           	callstack 0
   192   000025                     	ds	2
   193   000027                     _timer1_preload:
   194                           	callstack 0
   195   000027                     	ds	2
   196   000029                     _InterruptHandler@mcal_tmr1$F663:
   197                           	callstack 0
   198   000029                     	ds	2
   199   00002B                     _timer0_preload:
   200                           	callstack 0
   201   00002B                     	ds	2
   202   00002D                     _InterruptHandler:
   203                           	callstack 0
   204   00002D                     	ds	2
   205   00002F                     Led_Toggle@F2751:
   206                           	callstack 0
   207   00002F                     	ds	1
   208   000030                     Led_Off@F2746:
   209                           	callstack 0
   210   000030                     	ds	1
   211   000031                     Led_On@F2741:
   212                           	callstack 0
   213   000031                     	ds	1
   214   000032                     Led_Init@F2736:
   215                           	callstack 0
   216   000032                     	ds	1
   217   000033                     _preload_data:
   218                           	callstack 0
   219   000033                     	ds	1
   220   000034                     _tmr3_counter_obj:
   221                           	callstack 0
   222   000034                     	ds	5
   223   000039                     _tmr3_read_value:
   224                           	callstack 0
   225   000039                     	ds	2
   226                           
   227                           	psect	dataCOMRAM
   228   000001                     __pdataCOMRAM:
   229                           	callstack 0
   230   000001                     _lat_registers:
   231                           	callstack 0
   232   000001                     	ds	10
   233   00000B                     _port_registers:
   234                           	callstack 0
   235   00000B                     	ds	10
   236   000015                     _tris_registers:
   237                           	callstack 0
   238   000015                     	ds	10
   239                           
   240                           	psect	cstackCOMRAM
   241   00003B                     __pcstackCOMRAM:
   242                           	callstack 0
   243   00003B                     ??_InterruptManager:
   244   00003B                     
   245                           ; 1 bytes @ 0x0
   246   00003B                     	ds	2
   247   00003D                     Timer3_Read@_tmr:
   248                           	callstack 0
   249   00003D                     timer3_mood_select@_tmr:
   250                           	callstack 0
   251                           
   252                           ; 1 bytes @ 0x2
   253   00003D                     	ds	1
   254   00003E                     Timer3_Init@_tmr:
   255                           	callstack 0
   256   00003E                     Timer3_Read@value:
   257                           	callstack 0
   258                           
   259                           ; 1 bytes @ 0x3
   260   00003E                     	ds	1
   261   00003F                     ??_Timer3_Init:
   262   00003F                     ??_Timer3_Read:
   263                           
   264                           ; 1 bytes @ 0x4
   265   00003F                     	ds	2
   266   000041                     Timer3_Read@tmr_low:
   267                           	callstack 0
   268                           
   269                           ; 1 bytes @ 0x6
   270   000041                     	ds	1
   271   000042                     Timer3_Read@tmr_high:
   272                           	callstack 0
   273                           
   274                           ; 1 bytes @ 0x7
   275   000042                     	ds	1
   276   000043                     ??_main:
   277                           
   278                           ; 1 bytes @ 0x8
   279   000043                     	ds	2
   280                           
   281 ;;
   282 ;;Main: autosize = 0, tempsize = 2, incstack = 0, save=0
   283 ;;
   284 ;; *************** function _main *****************
   285 ;; Defined at:
   286 ;;		line 36 in file "project.c"
   287 ;; Parameters:    Size  Location     Type
   288 ;;		None
   289 ;; Auto vars:     Size  Location     Type
   290 ;;		None
   291 ;; Return value:  Size  Location     Type
   292 ;;                  1    wreg      void 
   293 ;; Registers used:
   294 ;;		wreg, fsr2l, fsr2h, status,2, status,0, cstack
   295 ;; Tracked objects:
   296 ;;		On entry : 0/0
   297 ;;		On exit  : 0/0
   298 ;;		Unchanged: 0/0
   299 ;; Data sizes:     COMRAM   BANK0   BANK1   BANK2   BANK3   BANK4   BANK5   BANK6   BANK7   BANK8   BANK9  BANK10  BANK1
      +1  BANK12  BANK13  BANK14  BANK15
   300 ;;      Params:         0       0       0       0       0       0       0       0       0       0       0       0       
      +0       0       0       0       0
   301 ;;      Locals:         0       0       0       0       0       0       0       0       0       0       0       0       
      +0       0       0       0       0
   302 ;;      Temps:          2       0       0       0       0       0       0       0       0       0       0       0       
      +0       0       0       0       0
   303 ;;      Totals:         2       0       0       0       0       0       0       0       0       0       0       0       
      +0       0       0       0       0
   304 ;;Total ram usage:        2 bytes
   305 ;; Hardware stack levels required when called: 6
   306 ;; This function calls:
   307 ;;		_Timer3_Read
   308 ;;		_timer3_timer_init
   309 ;; This function is called by:
   310 ;;		Startup code after reset
   311 ;; This function uses a non-reentrant model
   312 ;;
   313                           
   314                           	psect	text0
   315   00126C                     __ptext0:
   316                           	callstack 0
   317   00126C                     _main:
   318                           	callstack 25
   319   00126C                     
   320                           ;project.c: 37:     timer3_timer_init();
   321   00126C  EC4D  F009         	call	_timer3_timer_init	;wreg free
   322   001270                     l288:
   323                           
   324                           ;project.c: 39:         Timer3_Read(&tmr3_counter_obj, &tmr3_read_value);
   325   001270  0E34               	movlw	low _tmr3_counter_obj
   326   001272  6E3D               	movwf	Timer3_Read@_tmr^0,c
   327   001274  0E39               	movlw	low _tmr3_read_value
   328   001276  6E3E               	movwf	Timer3_Read@value^0,c
   329   001278  ECD1  F008         	call	_Timer3_Read	;wreg free
   330   00127C                     
   331                           ;project.c: 40:         _delay((unsigned long)((150)*(80000000UL/4000.0)));
   332   00127C  0E10               	movlw	16
   333   00127E  6E44               	movwf	(??_main+1)^0,c
   334   001280  0E39               	movlw	57
   335   001282  6E43               	movwf	??_main^0,c
   336   001284  0E0E               	movlw	14
   337   001286                     u897:
   338   001286  2EE8               	decfsz	wreg,f,c
   339   001288  D7FE               	bra	u897
   340   00128A  2E43               	decfsz	??_main^0,f,c
   341   00128C  D7FC               	bra	u897
   342   00128E  2E44               	decfsz	(??_main+1)^0,f,c
   343   001290  D7FA               	bra	u897
   344   001292  EF38  F009         	goto	l288
   345   001296  EF07  F000         	goto	start
   346   00129A                     __end_of_main:
   347                           	callstack 0
   348                           
   349 ;; *************** function _timer3_timer_init *****************
   350 ;; Defined at:
   351 ;;		line 24 in file "project.c"
   352 ;; Parameters:    Size  Location     Type
   353 ;;		None
   354 ;; Auto vars:     Size  Location     Type
   355 ;;		None
   356 ;; Return value:  Size  Location     Type
   357 ;;                  1    wreg      void 
   358 ;; Registers used:
   359 ;;		wreg, fsr2l, fsr2h, status,2, status,0, cstack
   360 ;; Tracked objects:
   361 ;;		On entry : 0/0
   362 ;;		On exit  : 0/0
   363 ;;		Unchanged: 0/0
   364 ;; Data sizes:     COMRAM   BANK0   BANK1   BANK2   BANK3   BANK4   BANK5   BANK6   BANK7   BANK8   BANK9  BANK10  BANK1
      +1  BANK12  BANK13  BANK14  BANK15
   365 ;;      Params:         0       0       0       0       0       0       0       0       0       0       0       0       
      +0       0       0       0       0
   366 ;;      Locals:         0       0       0       0       0       0       0       0       0       0       0       0       
      +0       0       0       0       0
   367 ;;      Temps:          0       0       0       0       0       0       0       0       0       0       0       0       
      +0       0       0       0       0
   368 ;;      Totals:         0       0       0       0       0       0       0       0       0       0       0       0       
      +0       0       0       0       0
   369 ;;Total ram usage:        0 bytes
   370 ;; Hardware stack levels used: 1
   371 ;; Hardware stack levels required when called: 5
   372 ;; This function calls:
   373 ;;		_Timer3_Init
   374 ;; This function is called by:
   375 ;;		_main
   376 ;; This function uses a non-reentrant model
   377 ;;
   378                           
   379                           	psect	text1
   380   00129A                     __ptext1:
   381                           	callstack 0
   382   00129A                     _timer3_timer_init:
   383                           	callstack 25
   384   00129A                     
   385                           ;project.c: 25:     tmr3_counter_obj.Timer3_InterruptHandler = timer3_DefaultInterruptHa
      +                          ndler;
   386   00129A  0EFC               	movlw	low _timer3_DefaultInterruptHandler
   387   00129C  6E34               	movwf	_tmr3_counter_obj^0,c
   388   00129E  0E12               	movlw	high _timer3_DefaultInterruptHandler
   389   0012A0  6E35               	movwf	(_tmr3_counter_obj+1)^0,c
   390   0012A2                     
   391                           ;project.c: 26:     tmr3_counter_obj.timer3_mood = 1;
   392   0012A2  8438               	bsf	(_tmr3_counter_obj+4)^0,2,c
   393   0012A4                     
   394                           ;project.c: 27:     tmr3_counter_obj.timer3_prescaler_value = 0;
   395   0012A4  0EFC               	movlw	-4
   396   0012A6  1638               	andwf	(_tmr3_counter_obj+4)^0,f,c
   397   0012A8                     
   398                           ;project.c: 28:     tmr3_counter_obj.timer3_preload_value = 0;
   399   0012A8  0E00               	movlw	0
   400   0012AA  6E37               	movwf	(_tmr3_counter_obj+3)^0,c
   401   0012AC  0E00               	movlw	0
   402   0012AE  6E36               	movwf	(_tmr3_counter_obj+2)^0,c
   403   0012B0                     
   404                           ;project.c: 29:     tmr3_counter_obj.timer3_reg_mood = 1;
   405   0012B0  8838               	bsf	(_tmr3_counter_obj+4)^0,4,c
   406   0012B2                     
   407                           ;project.c: 30:     tmr3_counter_obj.timer3_counter_mood = 0;
   408   0012B2  9638               	bcf	(_tmr3_counter_obj+4)^0,3,c
   409   0012B4                     
   410                           ;project.c: 31:     Timer3_Init(&tmr3_counter_obj);
   411   0012B4  0E34               	movlw	low _tmr3_counter_obj
   412   0012B6  6E3E               	movwf	Timer3_Init@_tmr^0,c
   413   0012B8  EC4C  F008         	call	_Timer3_Init	;wreg free
   414   0012BC  0012               	return		;funcret
   415   0012BE                     __end_of_timer3_timer_init:
   416                           	callstack 0
   417                           
   418 ;; *************** function _Timer3_Init *****************
   419 ;; Defined at:
   420 ;;		line 10 in file "MCAL/Timer3/mcal_tmr3.c"
   421 ;; Parameters:    Size  Location     Type
   422 ;;  _tmr            1    3[COMRAM] PTR const struct .
   423 ;;		 -> tmr3_counter_obj(5), 
   424 ;; Auto vars:     Size  Location     Type
   425 ;;  ret             1    0        unsigned char 
   426 ;; Return value:  Size  Location     Type
   427 ;;                  1    wreg      unsigned char 
   428 ;; Registers used:
   429 ;;		wreg, fsr2l, fsr2h, status,2, status,0, cstack
   430 ;; Tracked objects:
   431 ;;		On entry : 0/0
   432 ;;		On exit  : 0/0
   433 ;;		Unchanged: 0/0
   434 ;; Data sizes:     COMRAM   BANK0   BANK1   BANK2   BANK3   BANK4   BANK5   BANK6   BANK7   BANK8   BANK9  BANK10  BANK1
      +1  BANK12  BANK13  BANK14  BANK15
   435 ;;      Params:         1       0       0       0       0       0       0       0       0       0       0       0       
      +0       0       0       0       0
   436 ;;      Locals:         0       0       0       0       0       0       0       0       0       0       0       0       
      +0       0       0       0       0
   437 ;;      Temps:          2       0       0       0       0       0       0       0       0       0       0       0       
      +0       0       0       0       0
   438 ;;      Totals:         3       0       0       0       0       0       0       0       0       0       0       0       
      +0       0       0       0       0
   439 ;;Total ram usage:        3 bytes
   440 ;; Hardware stack levels used: 1
   441 ;; Hardware stack levels required when called: 4
   442 ;; This function calls:
   443 ;;		_timer3_mood_select
   444 ;; This function is called by:
   445 ;;		_timer3_timer_init
   446 ;; This function uses a non-reentrant model
   447 ;;
   448                           
   449                           	psect	text2
   450   001098                     __ptext2:
   451                           	callstack 0
   452   001098                     _Timer3_Init:
   453                           	callstack 25
   454   001098                     
   455                           ;MCAL/Timer3/mcal_tmr3.c: 13:     if(((void*)0) == _tmr){
   456   001098  503E               	movf	Timer3_Init@_tmr^0,w,c
   457   00109A  A4D8               	btfss	status,2,c
   458   00109C  EF52  F008         	goto	u861
   459   0010A0  EF54  F008         	goto	u860
   460   0010A4                     u861:
   461   0010A4  EF56  F008         	goto	l356
   462   0010A8                     u860:
   463   0010A8                     l1818:
   464                           
   465                           ;MCAL/Timer3/mcal_tmr3.c: 15:     }
   466   0010A8  EF95  F008         	goto	l358
   467   0010AC                     l356:
   468                           
   469                           ;MCAL/Timer3/mcal_tmr3.c: 17:         (T3CONbits.TMR3ON = 0);
   470   0010AC  90B1               	bcf	177,0,c	;volatile
   471   0010AE                     
   472                           ;MCAL/Timer3/mcal_tmr3.c: 18:         (T3CONbits.T3CKPS = _tmr->timer3_prescaler_value);
   473   0010AE  503E               	movf	Timer3_Init@_tmr^0,w,c
   474   0010B0  6ED9               	movwf	fsr2l,c
   475   0010B2  6ADA               	clrf	fsr2h,c
   476   0010B4  0E04               	movlw	4
   477   0010B6  26D9               	addwf	fsr2l,f,c
   478   0010B8  50DF               	movf	223,w,c
   479   0010BA  0B03               	andlw	3
   480   0010BC  6E3F               	movwf	??_Timer3_Init^0,c
   481   0010BE  3A3F               	swapf	??_Timer3_Init^0,f,c
   482   0010C0  50B1               	movf	177,w,c	;volatile
   483   0010C2  183F               	xorwf	??_Timer3_Init^0,w,c
   484   0010C4  0BCF               	andlw	-49
   485   0010C6  183F               	xorwf	??_Timer3_Init^0,w,c
   486   0010C8  6EB1               	movwf	177,c	;volatile
   487   0010CA                     
   488                           ;MCAL/Timer3/mcal_tmr3.c: 19:         timer3_mood_select(_tmr);
   489   0010CA  C03E  F03D         	movff	Timer3_Init@_tmr,timer3_mood_select@_tmr
   490   0010CE  EC96  F008         	call	_timer3_mood_select	;wreg free
   491   0010D2                     
   492                           ;MCAL/Timer3/mcal_tmr3.c: 20:         TMR3H = _tmr->timer3_preload_value >> 8;
   493   0010D2  503E               	movf	Timer3_Init@_tmr^0,w,c
   494   0010D4  6ED9               	movwf	fsr2l,c
   495   0010D6  6ADA               	clrf	fsr2h,c
   496   0010D8  0E02               	movlw	2
   497   0010DA  26D9               	addwf	fsr2l,f,c
   498   0010DC  CFDE F03F          	movff	postinc2,??_Timer3_Init
   499   0010E0  CFDD F040          	movff	postdec2,??_Timer3_Init+1
   500   0010E4  C040  F03F         	movff	??_Timer3_Init+1,??_Timer3_Init
   501   0010E8  6A40               	clrf	(??_Timer3_Init+1)^0,c
   502   0010EA  503F               	movf	??_Timer3_Init^0,w,c
   503   0010EC  6EB3               	movwf	179,c	;volatile
   504   0010EE                     
   505                           ;MCAL/Timer3/mcal_tmr3.c: 21:         TMR3L = (uint8)(_tmr->timer3_preload_value);
   506   0010EE  503E               	movf	Timer3_Init@_tmr^0,w,c
   507   0010F0  6ED9               	movwf	fsr2l,c
   508   0010F2  6ADA               	clrf	fsr2h,c
   509   0010F4  0E02               	movlw	2
   510   0010F6  26D9               	addwf	fsr2l,f,c
   511   0010F8  50DF               	movf	indf2,w,c
   512   0010FA  6EB2               	movwf	178,c	;volatile
   513   0010FC                     
   514                           ;MCAL/Timer3/mcal_tmr3.c: 22:         tmr3_preload_data = _tmr->timer3_preload_value;
   515   0010FC  503E               	movf	Timer3_Init@_tmr^0,w,c
   516   0010FE  6ED9               	movwf	fsr2l,c
   517   001100  6ADA               	clrf	fsr2h,c
   518   001102  0E02               	movlw	2
   519   001104  26D9               	addwf	fsr2l,f,c
   520   001106  CFDE F01F          	movff	postinc2,_tmr3_preload_data
   521   00110A  CFDD F020          	movff	postdec2,_tmr3_preload_data+1
   522   00110E                     
   523                           ;MCAL/Timer3/mcal_tmr3.c: 25:         (PIE2bits.TMR3IE = 1);
   524   00110E  82A0               	bsf	160,1,c	;volatile
   525   001110                     
   526                           ;MCAL/Timer3/mcal_tmr3.c: 26:         (PIR2bits.TMR3IF = 0);
   527   001110  92A1               	bcf	161,1,c	;volatile
   528   001112                     
   529                           ;MCAL/Timer3/mcal_tmr3.c: 27:         Tmr3_InterruptHandler = _tmr->Timer3_InterruptHand
      +                          ler;
   530   001112  503E               	movf	Timer3_Init@_tmr^0,w,c
   531   001114  6ED9               	movwf	fsr2l,c
   532   001116  6ADA               	clrf	fsr2h,c
   533   001118  CFDE F021          	movff	postinc2,_Tmr3_InterruptHandler
   534   00111C  CFDD F022          	movff	postdec2,_Tmr3_InterruptHandler+1
   535   001120                     
   536                           ;MCAL/Timer3/mcal_tmr3.c: 42:         (INTCONbits.GIE = 1);
   537   001120  8EF2               	bsf	242,7,c	;volatile
   538   001122                     
   539                           ;MCAL/Timer3/mcal_tmr3.c: 43:         (INTCONbits.PEIE = 1);
   540   001122  8CF2               	bsf	242,6,c	;volatile
   541   001124                     
   542                           ;MCAL/Timer3/mcal_tmr3.c: 47:         (T3CONbits.TMR3ON = 1);
   543   001124  80B1               	bsf	177,0,c	;volatile
   544   001126  EF54  F008         	goto	l1818
   545   00112A                     l358:
   546   00112A  0012               	return		;funcret
   547   00112C                     __end_of_Timer3_Init:
   548                           	callstack 0
   549                           
   550 ;; *************** function _timer3_mood_select *****************
   551 ;; Defined at:
   552 ;;		line 107 in file "MCAL/Timer3/mcal_tmr3.c"
   553 ;; Parameters:    Size  Location     Type
   554 ;;  _tmr            1    2[COMRAM] PTR const struct .
   555 ;;		 -> tmr3_counter_obj(5), 
   556 ;; Auto vars:     Size  Location     Type
   557 ;;		None
   558 ;; Return value:  Size  Location     Type
   559 ;;                  1    wreg      void 
   560 ;; Registers used:
   561 ;;		wreg, fsr2l, fsr2h, status,2, status,0
   562 ;; Tracked objects:
   563 ;;		On entry : 0/0
   564 ;;		On exit  : 0/0
   565 ;;		Unchanged: 0/0
   566 ;; Data sizes:     COMRAM   BANK0   BANK1   BANK2   BANK3   BANK4   BANK5   BANK6   BANK7   BANK8   BANK9  BANK10  BANK1
      +1  BANK12  BANK13  BANK14  BANK15
   567 ;;      Params:         1       0       0       0       0       0       0       0       0       0       0       0       
      +0       0       0       0       0
   568 ;;      Locals:         0       0       0       0       0       0       0       0       0       0       0       0       
      +0       0       0       0       0
   569 ;;      Temps:          0       0       0       0       0       0       0       0       0       0       0       0       
      +0       0       0       0       0
   570 ;;      Totals:         1       0       0       0       0       0       0       0       0       0       0       0       
      +0       0       0       0       0
   571 ;;Total ram usage:        1 bytes
   572 ;; Hardware stack levels used: 1
   573 ;; Hardware stack levels required when called: 3
   574 ;; This function calls:
   575 ;;		Nothing
   576 ;; This function is called by:
   577 ;;		_Timer3_Init
   578 ;; This function uses a non-reentrant model
   579 ;;
   580                           
   581                           	psect	text3
   582   00112C                     __ptext3:
   583                           	callstack 0
   584   00112C                     _timer3_mood_select:
   585                           	callstack 25
   586   00112C                     
   587                           ;MCAL/Timer3/mcal_tmr3.c: 107: static __attribute__((inline)) void timer3_mood_select(co
      +                          nst Timer3_t *_tmr);MCAL/Timer3/mcal_tmr3.c: 108: {;MCAL/Timer3/mcal_tmr3.c: 109:     if
      +                          (0 == _tmr->timer3_mood){
   588   00112C  503D               	movf	timer3_mood_select@_tmr^0,w,c
   589   00112E  6ED9               	movwf	fsr2l,c
   590   001130  6ADA               	clrf	fsr2h,c
   591   001132  0E04               	movlw	4
   592   001134  26D9               	addwf	fsr2l,f,c
   593   001136  B4DF               	btfsc	indf2,2,c
   594   001138  EFA0  F008         	goto	u821
   595   00113C  EFA2  F008         	goto	u820
   596   001140                     u821:
   597   001140  EFA5  F008         	goto	l1804
   598   001144                     u820:
   599   001144                     
   600                           ;MCAL/Timer3/mcal_tmr3.c: 110:         (T3CONbits.TMR3CS = 0);
   601   001144  92B1               	bcf	177,1,c	;volatile
   602                           
   603                           ;MCAL/Timer3/mcal_tmr3.c: 111:         }
   604   001146  EFD0  F008         	goto	l386
   605   00114A                     l1804:
   606   00114A  503D               	movf	timer3_mood_select@_tmr^0,w,c
   607   00114C  6ED9               	movwf	fsr2l,c
   608   00114E  6ADA               	clrf	fsr2h,c
   609   001150  0E04               	movlw	4
   610   001152  26D9               	addwf	fsr2l,f,c
   611   001154  A4DF               	btfss	indf2,2,c
   612   001156  EFAF  F008         	goto	u831
   613   00115A  EFB1  F008         	goto	u830
   614   00115E                     u831:
   615   00115E  EFD0  F008         	goto	l386
   616   001162                     u830:
   617   001162                     
   618                           ;MCAL/Timer3/mcal_tmr3.c: 113:         (T3CONbits.TMR3CS = 1);
   619   001162  82B1               	bsf	177,1,c	;volatile
   620   001164                     
   621                           ;MCAL/Timer3/mcal_tmr3.c: 114:         if(1 == _tmr->timer3_counter_mood){
   622   001164  503D               	movf	timer3_mood_select@_tmr^0,w,c
   623   001166  6ED9               	movwf	fsr2l,c
   624   001168  6ADA               	clrf	fsr2h,c
   625   00116A  0E04               	movlw	4
   626   00116C  26D9               	addwf	fsr2l,f,c
   627   00116E  A6DF               	btfss	indf2,3,c
   628   001170  EFBC  F008         	goto	u841
   629   001174  EFBE  F008         	goto	u840
   630   001178                     u841:
   631   001178  EFC1  F008         	goto	l1812
   632   00117C                     u840:
   633   00117C                     
   634                           ;MCAL/Timer3/mcal_tmr3.c: 115:             (T3CONbits.T3SYNC = 1);
   635   00117C  84B1               	bsf	177,2,c	;volatile
   636                           
   637                           ;MCAL/Timer3/mcal_tmr3.c: 116:         }
   638   00117E  EFD0  F008         	goto	l386
   639   001182                     l1812:
   640   001182  503D               	movf	timer3_mood_select@_tmr^0,w,c
   641   001184  6ED9               	movwf	fsr2l,c
   642   001186  6ADA               	clrf	fsr2h,c
   643   001188  0E04               	movlw	4
   644   00118A  26D9               	addwf	fsr2l,f,c
   645   00118C  B6DF               	btfsc	indf2,3,c
   646   00118E  EFCB  F008         	goto	u851
   647   001192  EFCD  F008         	goto	u850
   648   001196                     u851:
   649   001196  EFD0  F008         	goto	l385
   650   00119A                     u850:
   651   00119A                     
   652                           ;MCAL/Timer3/mcal_tmr3.c: 118:             (T3CONbits.T3SYNC = 0);
   653   00119A  94B1               	bcf	177,2,c	;volatile
   654                           
   655                           ;MCAL/Timer3/mcal_tmr3.c: 119:         }
   656   00119C  EFD0  F008         	goto	l386
   657   0011A0                     l385:
   658   0011A0                     l386:
   659   0011A0  0012               	return		;funcret
   660   0011A2                     __end_of_timer3_mood_select:
   661                           	callstack 0
   662                           
   663 ;; *************** function _Timer3_Read *****************
   664 ;; Defined at:
   665 ;;		line 73 in file "MCAL/Timer3/mcal_tmr3.c"
   666 ;; Parameters:    Size  Location     Type
   667 ;;  _tmr            1    2[COMRAM] PTR const struct .
   668 ;;		 -> tmr3_counter_obj(5), 
   669 ;;  value           1    3[COMRAM] PTR unsigned short 
   670 ;;		 -> tmr3_read_value(2), 
   671 ;; Auto vars:     Size  Location     Type
   672 ;;  tmr_high        1    7[COMRAM] unsigned char 
   673 ;;  tmr_low         1    6[COMRAM] unsigned char 
   674 ;;  ret             1    0        unsigned char 
   675 ;; Return value:  Size  Location     Type
   676 ;;                  1    wreg      unsigned char 
   677 ;; Registers used:
   678 ;;		wreg, fsr2l, fsr2h, status,2, status,0
   679 ;; Tracked objects:
   680 ;;		On entry : 0/0
   681 ;;		On exit  : 0/0
   682 ;;		Unchanged: 0/0
   683 ;; Data sizes:     COMRAM   BANK0   BANK1   BANK2   BANK3   BANK4   BANK5   BANK6   BANK7   BANK8   BANK9  BANK10  BANK1
      +1  BANK12  BANK13  BANK14  BANK15
   684 ;;      Params:         2       0       0       0       0       0       0       0       0       0       0       0       
      +0       0       0       0       0
   685 ;;      Locals:         2       0       0       0       0       0       0       0       0       0       0       0       
      +0       0       0       0       0
   686 ;;      Temps:          2       0       0       0       0       0       0       0       0       0       0       0       
      +0       0       0       0       0
   687 ;;      Totals:         6       0       0       0       0       0       0       0       0       0       0       0       
      +0       0       0       0       0
   688 ;;Total ram usage:        6 bytes
   689 ;; Hardware stack levels used: 1
   690 ;; Hardware stack levels required when called: 3
   691 ;; This function calls:
   692 ;;		Nothing
   693 ;; This function is called by:
   694 ;;		_main
   695 ;; This function uses a non-reentrant model
   696 ;;
   697                           
   698                           	psect	text4
   699   0011A2                     __ptext4:
   700                           	callstack 0
   701   0011A2                     _Timer3_Read:
   702                           	callstack 27
   703   0011A2                     
   704                           ;MCAL/Timer3/mcal_tmr3.c: 76:     if((((void*)0) == _tmr) || (((void*)0) == value)){
   705   0011A2  503D               	movf	Timer3_Read@_tmr^0,w,c
   706   0011A4  B4D8               	btfsc	status,2,c
   707   0011A6  EFD7  F008         	goto	u871
   708   0011AA  EFD9  F008         	goto	u870
   709   0011AE                     u871:
   710   0011AE  EFE1  F008         	goto	l1864
   711   0011B2                     u870:
   712   0011B2  503E               	movf	Timer3_Read@value^0,w,c
   713   0011B4  A4D8               	btfss	status,2,c
   714   0011B6  EFDF  F008         	goto	u881
   715   0011BA  EFE1  F008         	goto	u880
   716   0011BE                     u881:
   717   0011BE  EFE3  F008         	goto	l1866
   718   0011C2                     u880:
   719   0011C2                     l1864:
   720                           
   721                           ;MCAL/Timer3/mcal_tmr3.c: 78:     }
   722   0011C2  EFFC  F008         	goto	l370
   723   0011C6                     l1866:
   724   0011C6  0E00               	movlw	0
   725   0011C8  6E42               	movwf	Timer3_Read@tmr_high^0,c
   726   0011CA                     
   727                           ;MCAL/Timer3/mcal_tmr3.c: 81:         tmr_low = TMR0L;
   728   0011CA  CFD6 F041          	movff	4054,Timer3_Read@tmr_low	;volatile
   729   0011CE                     
   730                           ;MCAL/Timer3/mcal_tmr3.c: 82:         tmr_high = TMR0H;
   731   0011CE  CFD7 F042          	movff	4055,Timer3_Read@tmr_high	;volatile
   732   0011D2                     
   733                           ;MCAL/Timer3/mcal_tmr3.c: 83:         *value = (uint16)((tmr_high << 8) + (tmr_low));
   734   0011D2  5041               	movf	Timer3_Read@tmr_low^0,w,c
   735   0011D4  C042  F03F         	movff	Timer3_Read@tmr_high,??_Timer3_Read
   736   0011D8  6A40               	clrf	(??_Timer3_Read+1)^0,c
   737   0011DA  C03F  F040         	movff	??_Timer3_Read,??_Timer3_Read+1
   738   0011DE  6A3F               	clrf	??_Timer3_Read^0,c
   739   0011E0  263F               	addwf	??_Timer3_Read^0,f,c
   740   0011E2  0E00               	movlw	0
   741   0011E4  2240               	addwfc	(??_Timer3_Read+1)^0,f,c
   742   0011E6  503E               	movf	Timer3_Read@value^0,w,c
   743   0011E8  6ED9               	movwf	fsr2l,c
   744   0011EA  6ADA               	clrf	fsr2h,c
   745   0011EC  C03F  FFDE         	movff	??_Timer3_Read,postinc2
   746   0011F0  C040  FFDD         	movff	??_Timer3_Read+1,postdec2
   747   0011F4  EFE1  F008         	goto	l1864
   748   0011F8                     l370:
   749   0011F8  0012               	return		;funcret
   750   0011FA                     __end_of_Timer3_Read:
   751                           	callstack 0
   752                           
   753 ;; *************** function _InterruptManager *****************
   754 ;; Defined at:
   755 ;;		line 44 in file "MCAL/INTERRUPT/manage_interrupt.c"
   756 ;; Parameters:    Size  Location     Type
   757 ;;		None
   758 ;; Auto vars:     Size  Location     Type
   759 ;;		None
   760 ;; Return value:  Size  Location     Type
   761 ;;                  1    wreg      void 
   762 ;; Registers used:
   763 ;;		wreg, status,2, status,0, pcl, pclath, pclatu, tosl, cstack
   764 ;; Tracked objects:
   765 ;;		On entry : 0/0
   766 ;;		On exit  : 0/0
   767 ;;		Unchanged: 0/0
   768 ;; Data sizes:     COMRAM   BANK0   BANK1   BANK2   BANK3   BANK4   BANK5   BANK6   BANK7   BANK8   BANK9  BANK10  BANK1
      +1  BANK12  BANK13  BANK14  BANK15
   769 ;;      Params:         0       0       0       0       0       0       0       0       0       0       0       0       
      +0       0       0       0       0
   770 ;;      Locals:         0       0       0       0       0       0       0       0       0       0       0       0       
      +0       0       0       0       0
   771 ;;      Temps:          2       0       0       0       0       0       0       0       0       0       0       0       
      +0       0       0       0       0
   772 ;;      Totals:         2       0       0       0       0       0       0       0       0       0       0       0       
      +0       0       0       0       0
   773 ;;Total ram usage:        2 bytes
   774 ;; Hardware stack levels used: 1
   775 ;; Hardware stack levels required when called: 2
   776 ;; This function calls:
   777 ;;		_ISR_TMR0
   778 ;;		_ISR_TMR1
   779 ;;		_ISR_TMR2
   780 ;;		_ISR_TMR3
   781 ;; This function is called by:
   782 ;;		Interrupt level 2
   783 ;; This function uses a non-reentrant model
   784 ;;
   785                           
   786                           	psect	intcode
   787   000008                     __pintcode:
   788                           	callstack 0
   789   000008                     _InterruptManager:
   790                           	callstack 25
   791                           
   792                           ;incstack = 0
   793   000008  8245               	bsf	int$flags,1,c	;set compiler interrupt flag (level 2)
   794   00000A  ED01  F008         	call	int_func,f	;refresh shadow registers
   795                           
   796                           	psect	intcode_body
   797   001002                     __pintcode_body:
   798                           	callstack 25
   799   001002                     int_func:
   800                           	callstack 25
   801   001002  0006               	pop		; remove dummy address from shadow register refresh
   802   001004  CFFA F03B          	movff	pclath,??_InterruptManager
   803   001008  CFFB F03C          	movff	pclatu,??_InterruptManager+1
   804   00100C                     
   805                           ;MCAL/INTERRUPT/manage_interrupt.c: 46:     if((1 == INTCONbits.TMR0IE) &&(1 == INTCONbi
      +                          ts.TMR0IF)){
   806   00100C  AAF2               	btfss	242,5,c	;volatile
   807   00100E  EF0B  F008         	goto	i2u40_41
   808   001012  EF0D  F008         	goto	i2u40_40
   809   001016                     i2u40_41:
   810   001016  EF16  F008         	goto	i2l1356
   811   00101A                     i2u40_40:
   812   00101A  A4F2               	btfss	242,2,c	;volatile
   813   00101C  EF12  F008         	goto	i2u41_41
   814   001020  EF14  F008         	goto	i2u41_40
   815   001024                     i2u41_41:
   816   001024  EF16  F008         	goto	i2l1356
   817   001028                     i2u41_40:
   818   001028                     
   819                           ;MCAL/INTERRUPT/manage_interrupt.c: 47:         ISR_TMR0();
   820   001028  EC74  F009         	call	_ISR_TMR0	;wreg free
   821   00102C                     i2l1356:
   822                           
   823                           ;MCAL/INTERRUPT/manage_interrupt.c: 50:     if((1 == PIE1bits.TMR1IE) &&(1 == PIR1bits.T
      +                          MR1IF)){
   824   00102C  A09D               	btfss	157,0,c	;volatile
   825   00102E  EF1B  F008         	goto	i2u42_41
   826   001032  EF1D  F008         	goto	i2u42_40
   827   001036                     i2u42_41:
   828   001036  EF26  F008         	goto	i2l1362
   829   00103A                     i2u42_40:
   830   00103A  A09E               	btfss	158,0,c	;volatile
   831   00103C  EF22  F008         	goto	i2u43_41
   832   001040  EF24  F008         	goto	i2u43_40
   833   001044                     i2u43_41:
   834   001044  EF26  F008         	goto	i2l1362
   835   001048                     i2u43_40:
   836   001048                     
   837                           ;MCAL/INTERRUPT/manage_interrupt.c: 51:         ISR_TMR1();
   838   001048  EC6E  F009         	call	_ISR_TMR1	;wreg free
   839   00104C                     i2l1362:
   840                           
   841                           ;MCAL/INTERRUPT/manage_interrupt.c: 54:     if((1 == PIE1bits.TMR2IE) &&(1 == PIR1bits.T
      +                          MR2IF)){
   842   00104C  A29D               	btfss	157,1,c	;volatile
   843   00104E  EF2B  F008         	goto	i2u44_41
   844   001052  EF2D  F008         	goto	i2u44_40
   845   001056                     i2u44_41:
   846   001056  EF36  F008         	goto	i2l1368
   847   00105A                     i2u44_40:
   848   00105A  A29E               	btfss	158,1,c	;volatile
   849   00105C  EF32  F008         	goto	i2u45_41
   850   001060  EF34  F008         	goto	i2u45_40
   851   001064                     i2u45_41:
   852   001064  EF36  F008         	goto	i2l1368
   853   001068                     i2u45_40:
   854   001068                     
   855                           ;MCAL/INTERRUPT/manage_interrupt.c: 55:         ISR_TMR2();
   856   001068  EC7A  F009         	call	_ISR_TMR2	;wreg free
   857   00106C                     i2l1368:
   858                           
   859                           ;MCAL/INTERRUPT/manage_interrupt.c: 58:     if((1 == PIE2bits.TMR3IE) &&(1 == PIR2bits.T
      +                          MR3IF)){
   860   00106C  A2A0               	btfss	160,1,c	;volatile
   861   00106E  EF3B  F008         	goto	i2u46_41
   862   001072  EF3D  F008         	goto	i2u46_40
   863   001076                     i2u46_41:
   864   001076  EF46  F008         	goto	i2l131
   865   00107A                     i2u46_40:
   866   00107A  A2A1               	btfss	161,1,c	;volatile
   867   00107C  EF42  F008         	goto	i2u47_41
   868   001080  EF44  F008         	goto	i2u47_40
   869   001084                     i2u47_41:
   870   001084  EF46  F008         	goto	i2l131
   871   001088                     i2u47_40:
   872   001088                     
   873                           ;MCAL/INTERRUPT/manage_interrupt.c: 59:         ISR_TMR3();
   874   001088  EC1A  F009         	call	_ISR_TMR3	;wreg free
   875   00108C                     i2l131:
   876   00108C  C03C  FFFB         	movff	??_InterruptManager+1,pclatu
   877   001090  C03B  FFFA         	movff	??_InterruptManager,pclath
   878   001094  9245               	bcf	int$flags,1,c	;clear compiler interrupt flag (level 2)
   879   001096  0011               	retfie		f
   880   001098                     __end_of_InterruptManager:
   881                           	callstack 0
   882                           
   883 ;; *************** function _ISR_TMR3 *****************
   884 ;; Defined at:
   885 ;;		line 129 in file "MCAL/Timer3/mcal_tmr3.c"
   886 ;; Parameters:    Size  Location     Type
   887 ;;		None
   888 ;; Auto vars:     Size  Location     Type
   889 ;;		None
   890 ;; Return value:  Size  Location     Type
   891 ;;                  1    wreg      void 
   892 ;; Registers used:
   893 ;;		wreg, status,2, status,0, pcl, pclath, pclatu, tosl, cstack
   894 ;; Tracked objects:
   895 ;;		On entry : 0/0
   896 ;;		On exit  : 0/0
   897 ;;		Unchanged: 0/0
   898 ;; Data sizes:     COMRAM   BANK0   BANK1   BANK2   BANK3   BANK4   BANK5   BANK6   BANK7   BANK8   BANK9  BANK10  BANK1
      +1  BANK12  BANK13  BANK14  BANK15
   899 ;;      Params:         0       0       0       0       0       0       0       0       0       0       0       0       
      +0       0       0       0       0
   900 ;;      Locals:         0       0       0       0       0       0       0       0       0       0       0       0       
      +0       0       0       0       0
   901 ;;      Temps:          0       0       0       0       0       0       0       0       0       0       0       0       
      +0       0       0       0       0
   902 ;;      Totals:         0       0       0       0       0       0       0       0       0       0       0       0       
      +0       0       0       0       0
   903 ;;Total ram usage:        0 bytes
   904 ;; Hardware stack levels used: 1
   905 ;; Hardware stack levels required when called: 1
   906 ;; This function calls:
   907 ;;		NULL
   908 ;;		_timer3_DefaultInterruptHandler
   909 ;; This function is called by:
   910 ;;		_InterruptManager
   911 ;; This function uses a non-reentrant model
   912 ;;
   913                           
   914                           	psect	text6
   915   001234                     __ptext6:
   916                           	callstack 0
   917   001234                     _ISR_TMR3:
   918                           	callstack 25
   919   001234                     
   920                           ;MCAL/Timer3/mcal_tmr3.c: 130:     (PIR2bits.TMR3IF = 0);
   921   001234  92A1               	bcf	161,1,c	;volatile
   922   001236                     
   923                           ;MCAL/Timer3/mcal_tmr3.c: 131:     TMR3H = (tmr3_preload_data) >> 8;
   924   001236  5020               	movf	(_tmr3_preload_data+1)^0,w,c
   925   001238  6EB3               	movwf	179,c	;volatile
   926   00123A                     
   927                           ;MCAL/Timer3/mcal_tmr3.c: 132:     TMR3L = (uint8)(tmr3_preload_data);
   928   00123A  C01F  FFB2         	movff	_tmr3_preload_data,4018	;volatile
   929   00123E                     
   930                           ;MCAL/Timer3/mcal_tmr3.c: 133:     if(Tmr3_InterruptHandler){
   931   00123E  5021               	movf	_Tmr3_InterruptHandler^0,w,c
   932   001240  1022               	iorwf	(_Tmr3_InterruptHandler+1)^0,w,c
   933   001242  B4D8               	btfsc	status,2,c
   934   001244  EF26  F009         	goto	i2u20_41
   935   001248  EF28  F009         	goto	i2u20_40
   936   00124C                     i2u20_41:
   937   00124C  EF35  F009         	goto	i2l390
   938   001250                     i2u20_40:
   939   001250                     
   940                           ;MCAL/Timer3/mcal_tmr3.c: 134:         Tmr3_InterruptHandler();
   941   001250  D802               	call	i2u21_48
   942   001252  EF35  F009         	goto	i2u21_49
   943   001256                     i2u21_48:
   944   001256  0005               	push	
   945   001258  6EFA               	movwf	pclath,c
   946   00125A  5021               	movf	_Tmr3_InterruptHandler^0,w,c
   947   00125C  6EFD               	movwf	tosl,c
   948   00125E  5022               	movf	(_Tmr3_InterruptHandler+1)^0,w,c
   949   001260  6EFE               	movwf	tosh,c
   950   001262  50F8               	movf	tblptru,w,c
   951   001264  6EFF               	movwf	tosu,c
   952   001266  50FA               	movf	pclath,w,c
   953   001268  0012               	return		;indir
   954   00126A                     i2u21_49:
   955   00126A                     i2l390:
   956   00126A  0012               	return		;funcret
   957   00126C                     __end_of_ISR_TMR3:
   958                           	callstack 0
   959                           
   960 ;; *************** function _timer3_DefaultInterruptHandler *****************
   961 ;; Defined at:
   962 ;;		line 18 in file "project.c"
   963 ;; Parameters:    Size  Location     Type
   964 ;;		None
   965 ;; Auto vars:     Size  Location     Type
   966 ;;		None
   967 ;; Return value:  Size  Location     Type
   968 ;;                  1    wreg      void 
   969 ;; Registers used:
   970 ;;		status,2, status,0
   971 ;; Tracked objects:
   972 ;;		On entry : 0/0
   973 ;;		On exit  : 0/0
   974 ;;		Unchanged: 0/0
   975 ;; Data sizes:     COMRAM   BANK0   BANK1   BANK2   BANK3   BANK4   BANK5   BANK6   BANK7   BANK8   BANK9  BANK10  BANK1
      +1  BANK12  BANK13  BANK14  BANK15
   976 ;;      Params:         0       0       0       0       0       0       0       0       0       0       0       0       
      +0       0       0       0       0
   977 ;;      Locals:         0       0       0       0       0       0       0       0       0       0       0       0       
      +0       0       0       0       0
   978 ;;      Temps:          0       0       0       0       0       0       0       0       0       0       0       0       
      +0       0       0       0       0
   979 ;;      Totals:         0       0       0       0       0       0       0       0       0       0       0       0       
      +0       0       0       0       0
   980 ;;Total ram usage:        0 bytes
   981 ;; Hardware stack levels used: 1
   982 ;; This function calls:
   983 ;;		Nothing
   984 ;; This function is called by:
   985 ;;		_timer3_timer_init
   986 ;;		_ISR_TMR3
   987 ;; This function uses a non-reentrant model
   988 ;;
   989                           
   990                           	psect	text7
   991   0012FC                     __ptext7:
   992                           	callstack 0
   993   0012FC                     _timer3_DefaultInterruptHandler:
   994                           	callstack 25
   995   0012FC                     
   996                           ;project.c: 20:     tmr3_counter_count++;
   997   0012FC  4A25               	infsnz	_tmr3_counter_count^0,f,c	;volatile
   998   0012FE  2A26               	incf	(_tmr3_counter_count+1)^0,f,c	;volatile
   999   001300  0012               	return		;funcret
  1000   001302                     __end_of_timer3_DefaultInterruptHandler:
  1001                           	callstack 0
  1002                           
  1003 ;; *************** function _ISR_TMR2 *****************
  1004 ;; Defined at:
  1005 ;;		line 94 in file "MCAL/Timer2/mcal_tmr2.c"
  1006 ;; Parameters:    Size  Location     Type
  1007 ;;		None
  1008 ;; Auto vars:     Size  Location     Type
  1009 ;;		None
  1010 ;; Return value:  Size  Location     Type
  1011 ;;                  1    wreg      void 
  1012 ;; Registers used:
  1013 ;;		None
  1014 ;; Tracked objects:
  1015 ;;		On entry : 0/0
  1016 ;;		On exit  : 0/0
  1017 ;;		Unchanged: 0/0
  1018 ;; Data sizes:     COMRAM   BANK0   BANK1   BANK2   BANK3   BANK4   BANK5   BANK6   BANK7   BANK8   BANK9  BANK10  BANK1
      +1  BANK12  BANK13  BANK14  BANK15
  1019 ;;      Params:         0       0       0       0       0       0       0       0       0       0       0       0       
      +0       0       0       0       0
  1020 ;;      Locals:         0       0       0       0       0       0       0       0       0       0       0       0       
      +0       0       0       0       0
  1021 ;;      Temps:          0       0       0       0       0       0       0       0       0       0       0       0       
      +0       0       0       0       0
  1022 ;;      Totals:         0       0       0       0       0       0       0       0       0       0       0       0       
      +0       0       0       0       0
  1023 ;;Total ram usage:        0 bytes
  1024 ;; Hardware stack levels used: 1
  1025 ;; This function calls:
  1026 ;;		Nothing
  1027 ;; This function is called by:
  1028 ;;		_InterruptManager
  1029 ;; This function uses a non-reentrant model
  1030 ;;
  1031                           
  1032                           	psect	text8
  1033   0012F4                     __ptext8:
  1034                           	callstack 0
  1035   0012F4                     _ISR_TMR2:
  1036                           	callstack 26
  1037   0012F4                     
  1038                           ;MCAL/Timer2/mcal_tmr2.c: 95:     (PIR1bits.TMR2IF = 0);
  1039   0012F4  929E               	bcf	158,1,c	;volatile
  1040                           
  1041                           ;MCAL/Timer2/mcal_tmr2.c: 96:     TMR2 = preload_data;
  1042   0012F6  C033  FFCC         	movff	_preload_data,4044	;volatile
  1043   0012FA  0012               	return		;funcret
  1044   0012FC                     __end_of_ISR_TMR2:
  1045                           	callstack 0
  1046                           
  1047 ;; *************** function _ISR_TMR1 *****************
  1048 ;; Defined at:
  1049 ;;		line 98 in file "MCAL/Timer1/mcal_tmr1.c"
  1050 ;; Parameters:    Size  Location     Type
  1051 ;;		None
  1052 ;; Auto vars:     Size  Location     Type
  1053 ;;		None
  1054 ;; Return value:  Size  Location     Type
  1055 ;;                  1    wreg      void 
  1056 ;; Registers used:
  1057 ;;		wreg, status,2
  1058 ;; Tracked objects:
  1059 ;;		On entry : 0/0
  1060 ;;		On exit  : 0/0
  1061 ;;		Unchanged: 0/0
  1062 ;; Data sizes:     COMRAM   BANK0   BANK1   BANK2   BANK3   BANK4   BANK5   BANK6   BANK7   BANK8   BANK9  BANK10  BANK1
      +1  BANK12  BANK13  BANK14  BANK15
  1063 ;;      Params:         0       0       0       0       0       0       0       0       0       0       0       0       
      +0       0       0       0       0
  1064 ;;      Locals:         0       0       0       0       0       0       0       0       0       0       0       0       
      +0       0       0       0       0
  1065 ;;      Temps:          0       0       0       0       0       0       0       0       0       0       0       0       
      +0       0       0       0       0
  1066 ;;      Totals:         0       0       0       0       0       0       0       0       0       0       0       0       
      +0       0       0       0       0
  1067 ;;Total ram usage:        0 bytes
  1068 ;; Hardware stack levels used: 1
  1069 ;; This function calls:
  1070 ;;		Nothing
  1071 ;; This function is called by:
  1072 ;;		_InterruptManager
  1073 ;; This function uses a non-reentrant model
  1074 ;;
  1075                           
  1076                           	psect	text9
  1077   0012DC                     __ptext9:
  1078                           	callstack 0
  1079   0012DC                     _ISR_TMR1:
  1080                           	callstack 26
  1081   0012DC                     
  1082                           ;MCAL/Timer1/mcal_tmr1.c: 100:     (PIR1bits.TMR1IF = 0);
  1083   0012DC  909E               	bcf	158,0,c	;volatile
  1084   0012DE                     
  1085                           ;MCAL/Timer1/mcal_tmr1.c: 101:     TMR1H = (timer1_preload) >> 8;
  1086   0012DE  5028               	movf	(_timer1_preload+1)^0,w,c
  1087   0012E0  6ECF               	movwf	207,c	;volatile
  1088   0012E2                     
  1089                           ;MCAL/Timer1/mcal_tmr1.c: 102:     TMR1L = (uint8)(timer1_preload);
  1090   0012E2  C027  FFCE         	movff	_timer1_preload,4046	;volatile
  1091   0012E6  0012               	return		;funcret
  1092   0012E8                     __end_of_ISR_TMR1:
  1093                           	callstack 0
  1094                           
  1095 ;; *************** function _ISR_TMR0 *****************
  1096 ;; Defined at:
  1097 ;;		line 178 in file "MCAL/Timer0/mcal_timer0.c"
  1098 ;; Parameters:    Size  Location     Type
  1099 ;;		None
  1100 ;; Auto vars:     Size  Location     Type
  1101 ;;		None
  1102 ;; Return value:  Size  Location     Type
  1103 ;;                  1    wreg      void 
  1104 ;; Registers used:
  1105 ;;		wreg, status,2
  1106 ;; Tracked objects:
  1107 ;;		On entry : 0/0
  1108 ;;		On exit  : 0/0
  1109 ;;		Unchanged: 0/0
  1110 ;; Data sizes:     COMRAM   BANK0   BANK1   BANK2   BANK3   BANK4   BANK5   BANK6   BANK7   BANK8   BANK9  BANK10  BANK1
      +1  BANK12  BANK13  BANK14  BANK15
  1111 ;;      Params:         0       0       0       0       0       0       0       0       0       0       0       0       
      +0       0       0       0       0
  1112 ;;      Locals:         0       0       0       0       0       0       0       0       0       0       0       0       
      +0       0       0       0       0
  1113 ;;      Temps:          0       0       0       0       0       0       0       0       0       0       0       0       
      +0       0       0       0       0
  1114 ;;      Totals:         0       0       0       0       0       0       0       0       0       0       0       0       
      +0       0       0       0       0
  1115 ;;Total ram usage:        0 bytes
  1116 ;; Hardware stack levels used: 1
  1117 ;; This function calls:
  1118 ;;		Nothing
  1119 ;; This function is called by:
  1120 ;;		_InterruptManager
  1121 ;; This function uses a non-reentrant model
  1122 ;;
  1123                           
  1124                           	psect	text10
  1125   0012E8                     __ptext10:
  1126                           	callstack 0
  1127   0012E8                     _ISR_TMR0:
  1128                           	callstack 26
  1129   0012E8                     
  1130                           ;MCAL/Timer0/mcal_timer0.c: 180:     (INTCONbits.TMR0IF = 0);
  1131   0012E8  94F2               	bcf	242,2,c	;volatile
  1132   0012EA                     
  1133                           ;MCAL/Timer0/mcal_timer0.c: 181:     TMR0H = timer0_preload >> 8;
  1134   0012EA  502C               	movf	(_timer0_preload+1)^0,w,c
  1135   0012EC  6ED7               	movwf	215,c	;volatile
  1136   0012EE                     
  1137                           ;MCAL/Timer0/mcal_timer0.c: 182:     TMR0L = (uint8)(timer0_preload);
  1138   0012EE  C02B  FFD6         	movff	_timer0_preload,4054	;volatile
  1139   0012F2  0012               	return		;funcret
  1140   0012F4                     __end_of_ISR_TMR0:
  1141                           	callstack 0
  1142                           
  1143                           	psect	smallconst
  1144   001000                     __psmallconst:
  1145                           	callstack 0
  1146   001000  00                 	db	0
  1147   001001  00                 	db	0	; dummy byte at the end
  1148   000000                     
  1149                           	psect	rparam
  1150   000000                     
  1151                           	psect	temp
  1152   000045                     btemp:
  1153                           	callstack 0
  1154   000045                     	ds	1
  1155   000000                     int$flags	set	btemp
  1156   000000                     wtemp8	set	btemp+1
  1157   000000                     ttemp5	set	btemp+1
  1158   000000                     ttemp6	set	btemp+4
  1159   000000                     ttemp7	set	btemp+8
  1160                           tosu	equ	0xFFF
  1161                           tosh	equ	0xFFE
  1162                           tosl	equ	0xFFD
  1163                           stkptr	equ	0xFFC
  1164                           pclatu	equ	0xFFB
  1165                           pclath	equ	0xFFA
  1166                           pcl	equ	0xFF9
  1167                           tblptru	equ	0xFF8
  1168                           tblptrh	equ	0xFF7
  1169                           tblptrl	equ	0xFF6
  1170                           tablat	equ	0xFF5
  1171                           prodh	equ	0xFF4
  1172                           prodl	equ	0xFF3
  1173                           indf0	equ	0xFEF
  1174                           postinc0	equ	0xFEE
  1175                           postdec0	equ	0xFED
  1176                           preinc0	equ	0xFEC
  1177                           plusw0	equ	0xFEB
  1178                           fsr0h	equ	0xFEA
  1179                           fsr0l	equ	0xFE9
  1180                           wreg	equ	0xFE8
  1181                           indf1	equ	0xFE7
  1182                           postinc1	equ	0xFE6
  1183                           postdec1	equ	0xFE5
  1184                           preinc1	equ	0xFE4
  1185                           plusw1	equ	0xFE3
  1186                           fsr1h	equ	0xFE2
  1187                           fsr1l	equ	0xFE1
  1188                           bsr	equ	0xFE0
  1189                           indf2	equ	0xFDF
  1190                           postinc2	equ	0xFDE
  1191                           postdec2	equ	0xFDD
  1192                           preinc2	equ	0xFDC
  1193                           plusw2	equ	0xFDB
  1194                           fsr2h	equ	0xFDA
  1195                           fsr2l	equ	0xFD9
  1196                           status	equ	0xFD8

Data Sizes:
    Strings     0
    Constant    0
    Data        30
    BSS         28
    Persistent  0
    Stack       0

Auto Spaces:
    Space          Size  Autos    Used
    COMRAM          126     10      68
    BANK0           128      0       0
    BANK1           256      0       0
    BANK2           256      0       0
    BANK3           256      0       0
    BANK4           256      0       0
    BANK5           256      0       0
    BANK6           256      0       0
    BANK7           256      0       0
    BANK8           256      0       0
    BANK9           256      0       0
    BANK10          256      0       0
    BANK11          256      0       0
    BANK12          256      0       0
    BANK13          256      0       0
    BANK14          256      0       0
    BANK15          128      0       0

Pointer List with Targets:

    InterruptHandler	PTR FTN()void  size(2) Largest target is 1
		 -> NULL(), 

    InterruptHandler@mcal_tmr1$F663	PTR FTN()void  size(2) Largest target is 1
		 -> NULL(), 

    lat_registers	PTR volatile unsigned char [5] size(2) Largest target is 1
		 -> LATA(BITBIGSFRll[1]), LATB(BITBIGSFRlh[1]), LATC(BITBIGSFRlh[1]), LATD(BITBIGSFRlh[1]), 
		 -> LATE(BITBIGSFRlh[1]), 

    port_registers	PTR volatile unsigned char [5] size(2) Largest target is 1
		 -> PORTA(BITBIGSFRll[1]), PORTB(BITBIGSFRll[1]), PORTC(BITBIGSFRll[1]), PORTD(BITBIGSFRll[1]), 
		 -> PORTE(BITBIGSFRll[1]), 

    S360$Timer0_InterruptHandler	PTR FTN()void  size(2) Largest target is 0

    S532$Timer1_InterruptHandler	PTR FTN()void  size(2) Largest target is 0

    S715$Timer3_InterruptHandler	PTR FTN()void  size(2) Largest target is 1
		 -> timer3_DefaultInterruptHandler(), 

    S782$Timer2_InterruptHandler	PTR FTN()void  size(2) Largest target is 0

    Timer0_Init@_tmr$Timer0_InterruptHandler	PTR FTN()void  size(2) Largest target is 0

    timer0_mood_select@_tmr$Timer0_InterruptHandler	PTR FTN()void  size(2) Largest target is 0

    timer0_prescaler_config@_tmr$Timer0_InterruptHandler	PTR FTN()void  size(2) Largest target is 0

    timer0_register_select_mood@_tmr$Timer0_InterruptHandler	PTR FTN()void  size(2) Largest target is 0

    Timer1_Init@_tmr$Timer1_InterruptHandler	PTR FTN()void  size(2) Largest target is 0

    timer1_mood_select@_tmr$Timer1_InterruptHandler	PTR FTN()void  size(2) Largest target is 0

    Timer2_Init@_tmr$Timer2_InterruptHandler	PTR FTN()void  size(2) Largest target is 0

    Timer3_Init@_tmr	PTR const struct . size(1) Largest target is 5
		 -> tmr3_counter_obj(COMRAM[5]), 

    Timer3_Init@_tmr$Timer3_InterruptHandler	PTR FTN()void  size(2) Largest target is 1
		 -> timer3_DefaultInterruptHandler(), 

    timer3_mood_select@_tmr	PTR const struct . size(1) Largest target is 5
		 -> tmr3_counter_obj(COMRAM[5]), 

    timer3_mood_select@_tmr$Timer3_InterruptHandler	PTR FTN()void  size(2) Largest target is 1
		 -> timer3_DefaultInterruptHandler(), 

    Timer3_Read@_tmr	PTR const struct . size(1) Largest target is 5
		 -> tmr3_counter_obj(COMRAM[5]), 

    Timer3_Read@value	PTR unsigned short  size(1) Largest target is 2
		 -> tmr3_read_value(COMRAM[2]), 

    tmr3_counter_obj$Timer3_InterruptHandler	PTR FTN()void  size(2) Largest target is 1
		 -> timer3_DefaultInterruptHandler(), 

    Tmr3_InterruptHandler	PTR FTN()void  size(2) Largest target is 1
		 -> timer3_DefaultInterruptHandler(), NULL(), 

    tmr_InterruptHandler	PTR FTN()void  size(2) Largest target is 1
		 -> NULL(), 

    tris_registers	PTR volatile unsigned char [5] size(2) Largest target is 1
		 -> TRISA(BITBIGSFRll[1]), TRISB(BITBIGSFRhll[1]), TRISC(BITBIGSFRhll[1]), TRISD(BITBIGSFRhll[1]), 
		 -> TRISE(BITBIGSFRhll[1]), 


Critical Paths under _main in COMRAM

    _main->_Timer3_Read
    _timer3_timer_init->_Timer3_Init
    _Timer3_Init->_timer3_mood_select

Critical Paths under _InterruptManager in COMRAM

    None.

Critical Paths under _main in BANK0

    None.

Critical Paths under _InterruptManager in BANK0

    None.

Critical Paths under _main in BANK1

    None.

Critical Paths under _InterruptManager in BANK1

    None.

Critical Paths under _main in BANK2

    None.

Critical Paths under _InterruptManager in BANK2

    None.

Critical Paths under _main in BANK3

    None.

Critical Paths under _InterruptManager in BANK3

    None.

Critical Paths under _main in BANK4

    None.

Critical Paths under _InterruptManager in BANK4

    None.

Critical Paths under _main in BANK5

    None.

Critical Paths under _InterruptManager in BANK5

    None.

Critical Paths under _main in BANK6

    None.

Critical Paths under _InterruptManager in BANK6

    None.

Critical Paths under _main in BANK7

    None.

Critical Paths under _InterruptManager in BANK7

    None.

Critical Paths under _main in BANK8

    None.

Critical Paths under _InterruptManager in BANK8

    None.

Critical Paths under _main in BANK9

    None.

Critical Paths under _InterruptManager in BANK9

    None.

Critical Paths under _main in BANK10

    None.

Critical Paths under _InterruptManager in BANK10

    None.

Critical Paths under _main in BANK11

    None.

Critical Paths under _InterruptManager in BANK11

    None.

Critical Paths under _main in BANK12

    None.

Critical Paths under _InterruptManager in BANK12

    None.

Critical Paths under _main in BANK13

    None.

Critical Paths under _InterruptManager in BANK13

    None.

Critical Paths under _main in BANK14

    None.

Critical Paths under _InterruptManager in BANK14

    None.

Critical Paths under _main in BANK15

    None.

Critical Paths under _InterruptManager in BANK15

    None.

Call Graph Tables:

 ---------------------------------------------------------------------------------
 (Depth) Function   	        Calls       Base Space   Used Autos Params    Refs
 ---------------------------------------------------------------------------------
 (0) _main                                                 2     2      0     678
                                              8 COMRAM     2     2      0
                        _Timer3_Read
                  _timer3_timer_init
 ---------------------------------------------------------------------------------
 (1) _timer3_timer_init                                    0     0      0     403
                        _Timer3_Init
 ---------------------------------------------------------------------------------
 (2) _Timer3_Init                                          4     3      1     403
                                              3 COMRAM     3     2      1
                 _timer3_mood_select
 ---------------------------------------------------------------------------------
 (3) _timer3_mood_select                                   1     0      1     164
                                              2 COMRAM     1     0      1
 ---------------------------------------------------------------------------------
 (1) _Timer3_Read                                          7     5      2     275
                                              2 COMRAM     6     4      2
 ---------------------------------------------------------------------------------
 Estimated maximum stack depth 3
 ---------------------------------------------------------------------------------
 (Depth) Function   	        Calls       Base Space   Used Autos Params    Refs
 ---------------------------------------------------------------------------------
 (4) _InterruptManager                                     2     2      0       0
                                              0 COMRAM     2     2      0
                           _ISR_TMR0
                           _ISR_TMR1
                           _ISR_TMR2
                           _ISR_TMR3
 ---------------------------------------------------------------------------------
 (5) _ISR_TMR3                                             0     0      0       0
                                NULL *
     _timer3_DefaultInterruptHandler *
 ---------------------------------------------------------------------------------
 (6) _timer3_DefaultInterruptHandler                       0     0      0       0
 ---------------------------------------------------------------------------------
 (6) NULL(Fake)                                            0     0      0       0
 ---------------------------------------------------------------------------------
 (5) _ISR_TMR2                                             0     0      0       0
 ---------------------------------------------------------------------------------
 (5) _ISR_TMR1                                             0     0      0       0
 ---------------------------------------------------------------------------------
 (5) _ISR_TMR0                                             0     0      0       0
 ---------------------------------------------------------------------------------
 Estimated maximum stack depth 6
 ---------------------------------------------------------------------------------

 Call Graph Graphs:

 _main (ROOT)
   _Timer3_Read
   _timer3_timer_init
     _Timer3_Init
       _timer3_mood_select

 _InterruptManager (ROOT)
   _ISR_TMR0
   _ISR_TMR1
   _ISR_TMR2
   _ISR_TMR3
     NULL(Fake) *
     _timer3_DefaultInterruptHandler *

 Address spaces:
Name               Size   Autos  Total    Cost      Usage
BIGRAM             F7F      0       0      47        0.0%
EEDATA             400      0       0       0        0.0%
BITBANK14          100      0       0      33        0.0%
BANK14             100      0       0      34        0.0%
BITBANK13          100      0       0      31        0.0%
BANK13             100      0       0      32        0.0%
BITBANK12          100      0       0      29        0.0%
BANK12             100      0       0      30        0.0%
BITBANK11          100      0       0      27        0.0%
BANK11             100      0       0      28        0.0%
BITBANK10          100      0       0      25        0.0%
BANK10             100      0       0      26        0.0%
BITBANK9           100      0       0      23        0.0%
BANK9              100      0       0      24        0.0%
BITBANK8           100      0       0      21        0.0%
BANK8              100      0       0      22        0.0%
BITBANK7           100      0       0      18        0.0%
BANK7              100      0       0      19        0.0%
BITBANK6           100      0       0      16        0.0%
BANK6              100      0       0      17        0.0%
BITBANK5           100      0       0      14        0.0%
BANK5              100      0       0      15        0.0%
BITBANK4           100      0       0      12        0.0%
BANK4              100      0       0      13        0.0%
BITBANK3           100      0       0      10        0.0%
BANK3              100      0       0      11        0.0%
BITBANK2           100      0       0       8        0.0%
BANK2              100      0       0       9        0.0%
BITBANK1           100      0       0       6        0.0%
BANK1              100      0       0       7        0.0%
BITBANK15           80      0       0      35        0.0%
BANK15              80      0       0      36        0.0%
BITBANK0            80      0       0       4        0.0%
BANK0               80      0       0       5        0.0%
BITCOMRAM           7E      0       0       0        0.0%
COMRAM              7E      A      44       1       54.0%
BITBIGSFRhlhhhh     1A      0       0      38        0.0%
BITBIGSFRhlhhll     16      0       0      41        0.0%
BITBIGSFRhlhhll      F      0       0      42        0.0%
BITBIGSFRhh          D      0       0      37        0.0%
BITBIGSFRhll         6      0       0      44        0.0%
BITBIGSFRhlhhlh      5      0       0      39        0.0%
BITBIGSFRlh          4      0       0      45        0.0%
BITBIGSFRll          4      0       0      46        0.0%
BITBIGSFRhlhhll      1      0       0      40        0.0%
BITBIGSFRhlhl        1      0       0      43        0.0%
BIGSFR               0      0       0     200        0.0%
BITSFR               0      0       0     200        0.0%
SFR                  0      0       0     200        0.0%
STACK                0      0       0       2        0.0%
NULL                 0      0       0       0        0.0%
ABS                  0      0      44      20        0.0%
DATA                 0      0      44       3        0.0%
CODE                 0      0       0       0        0.0%


Microchip Technology PIC18 Macro Assembler V2.46 build 20240104201356 
Symbol Table                                                                                   Mon Sep 30 12:47:03 2024

                    ??_InterruptManager 003B                    ??_timer3_mood_select 003E  
                                   l281 12BC                                     l370 11F8  
                                   l356 10AC                                     l358 112A  
                                   l288 1270                                     l385 11A0  
                                   l386 11A0                                     u820 1144  
                                   u821 1140                                     u830 1162  
                                   u831 115E                                     u840 117C  
                                   u841 1178                                     u850 119A  
                                   u851 1196                                     u860 10A8  
                                   u861 10A4                                     u870 11B2  
                                   u871 11AE                                     u880 11C2  
                                   u881 11BE                                     u897 1286  
                                   tosl 0FFD                                     wreg 0FE8  
                                  l1800 112C                                    l1810 117C  
                                  l1802 1144                                    l1812 1182  
                                  l1804 114A                                    l1820 10AE  
                                  l1814 119A                                    l1806 1162  
                                  l1830 110E                                    l1822 10CA  
                                  l1808 1164                                    l1840 1124  
                                  l1832 1110                                    l1824 10D2  
                                  l1816 1098                                    l1834 1112  
                                  l1826 10EE                                    l1818 10A8  
                                  l1850 12A4                                    l1860 11A2  
                                  l1836 1120                                    l1828 10FC  
                                  l1852 12A8                                    l1870 11CE  
                                  l1862 11B2                                    l1838 1122  
                                  l1854 12B0                                    l1846 129A  
                                  l1872 11D2                                    l1864 11C2  
                                  l1856 12B2                                    l1848 12A2  
                                  l1880 127C                                    l1866 11C6  
                                  l1858 12B4                                    l1868 11CA  
                                  l1878 126C                                    _LATA 0F89  
                                  _LATB 0F8A                                    _LATC 0F8B  
                                  _LATD 0F8C                                    _LATE 0F8D  
       _InterruptHandler@mcal_tmr1$F663 0029                                    _TMR2 0FCC  
                                  _main 126C                                    fsr2h 0FDA  
                                  indf2 0FDF                                    fsr1l 0FE1  
                                  fsr2l 0FD9                                    btemp 0045  
__end_of_timer3_DefaultInterruptHandler 1302          _timer3_DefaultInterruptHandler 12FC  
                                  start 000E                            ___param_bank 0000  
                                 ?_main 003B                                   i2l131 108C  
                                 i2l206 12F2                                   i2l331 12FA  
                                 i2l254 12E6                                   i2l276 1300  
                                 i2l390 126A                                   _TMR0H 0FD7  
                                 _TMR1H 0FCF                                   _TMR0L 0FD6  
                                 _TMR1L 0FCE                                   _TMR3H 0FB3  
                                 _TMR3L 0FB2                                   _PORTA 0F80  
                                 _PORTB 0F81                                   _PORTC 0F82  
                                 _PORTD 0F83                                   _PORTE 0F84  
                                 _TRISA 0F92                                   _TRISB 0F93  
                                 _TRISC 0F94                                   _TRISD 0F95  
                                 _TRISE 0F96                        __end_of_ISR_TMR0 12F4  
                      __end_of_ISR_TMR1 12E8                        __end_of_ISR_TMR2 12FC  
                      __end_of_ISR_TMR3 126C                                   pclath 0FFA  
                                 pclatu 0FFB                                   tablat 0FF5  
                                 ttemp5 0046                                   ttemp6 0049  
                                 ttemp7 004D                                   status 0FD8  
                                 wtemp8 0046                         __initialization 11FA  
                          __end_of_main 129A                           _lat_registers 0001  
                                ??_main 0043                           __activetblptr 0002  
                 _Tmr3_InterruptHandler 0021                                  i2l1210 12E8  
                                i2l1212 12EA                                  i2l1220 12DE  
                                i2l1214 12EE                                  i2l1222 12E2  
                                i2l1230 1234                                  i2l1232 1236  
                                i2l1218 12DC                                  i2l1226 12F4  
                                i2l1234 123A                                  i2l1164 12FC  
                                i2l1236 123E                                  i2l1238 1250  
                                i2l1350 100C                                  i2l1360 1048  
                                i2l1352 101A                                  i2l1370 107A  
                                i2l1362 104C                                  i2l1354 1028  
                                i2l1372 1088                                  i2l1364 105A  
                                i2l1356 102C                                  i2l1366 1068  
                                i2l1358 103A                                  i2l1368 106C  
                         ??_Timer3_Init 003F                           ??_Timer3_Read 003F  
                                clear_0 1220                                  isa$std 0001  
                          __pdataCOMRAM 0001                            __mediumconst 0000  
                                tblptrh 0FF7                                  tblptrl 0FF6  
                                tblptru 0FF8                       _tmr3_preload_data 001F  
                            __accesstop 0080                 __end_of__initialization 1226  
                         ___rparam_used 0001                     Timer3_Read@tmr_high 0042  
                             ?_ISR_TMR0 003B                               ?_ISR_TMR1 003B  
                             ?_ISR_TMR2 003B                               ?_ISR_TMR3 003B  
                        __pcstackCOMRAM 003B                     __end_of_Timer3_Init 112C  
                   __end_of_Timer3_Read 11FA                              ??_ISR_TMR0 003B  
                            ??_ISR_TMR1 003B                              ??_ISR_TMR2 003B  
                            ??_ISR_TMR3 003B                                 i2u20_40 1250  
                               i2u20_41 124C                                 i2u21_48 1256  
                               i2u21_49 126A                                 i2u40_40 101A  
                               i2u40_41 1016                                 i2u41_40 1028  
                               i2u41_41 1024                                 i2u42_40 103A  
                               i2u42_41 1036                                 i2u43_40 1048  
                               i2u43_41 1044                                 i2u44_40 105A  
                               i2u44_41 1056                                 i2u45_40 1068  
                               i2u45_41 1064                                 i2u46_40 107A  
                               i2u46_41 1076                                 i2u47_40 1088  
                               i2u47_41 1084                          _tris_registers 0015  
                               __Hparam 0000                                 __Lparam 0000  
                           _Timer3_Init 1098                             _Timer3_Read 11A2  
                          __psmallconst 1000                                 __pcinit 11FA  
                               __ramtop 1000                                 __ptext0 126C  
                               __ptext1 129A                                 __ptext2 1098  
                               __ptext3 112C                                 __ptext4 11A2  
                               __ptext6 1234                                 __ptext7 12FC  
                               __ptext8 12F4                                 __ptext9 12DC  
                             _T0CONbits 0FD5                               _T1CONbits 0FCD  
                             _T2CONbits 0FCA                               _T3CONbits 0FB1  
                        __pintcode_body 1002                    end_of_initialization 1226  
                         __Lmediumconst 0000                                 int_func 1002  
                               postdec1 0FE5                                 postdec2 0FDD  
                               postinc0 0FEE                                 postinc2 0FDE  
                      _InterruptHandler 002D                        _InterruptManager 0008  
                       _tmr3_read_value 0039                       _timer3_timer_init 129A  
                    ?_timer3_timer_init 003B                     ??_timer3_timer_init 0041  
                         __pidataCOMRAM 12BE                          _timer0_preload 002B  
                        _timer1_preload 0027                     start_initialization 11FA  
             __end_of_timer3_timer_init 12BE                           Led_Init@F2736 0032  
                           __pbssCOMRAM 001F                      Timer3_Read@tmr_low 0041  
                      Timer3_Read@value 003E                            ?_Timer3_Init 003E  
                          ?_Timer3_Read 003D              __end_of_timer3_mood_select 11A2  
                             __pintcode 0008                             __smallconst 1000  
              __end_of_InterruptManager 1098                                _PIE1bits 0F9D  
                              _PIE2bits 0FA0                                _PIR1bits 0F9E  
                              _PIR2bits 0FA1                                _ISR_TMR0 12E8  
                              _ISR_TMR1 12DC                                _ISR_TMR2 12F4  
                              _ISR_TMR3 1234        ??_timer3_DefaultInterruptHandler 003B  
       ?_timer3_DefaultInterruptHandler 003B                               copy_data0 120E  
                          Led_Off@F2746 0030                                __Hrparam 0000  
                              __Lrparam 0000                         Timer3_Init@_tmr 003E  
                       Timer3_Read@_tmr 003D                                __ptext10 12E8  
                    _tmr3_counter_count 0025                                isa$xinst 0000  
                              int$flags 0045                             Led_On@F2741 0031  
                            _INTCONbits 0FF2                            _preload_data 0033  
                              intlevel2 0000                    _tmr_InterruptHandler 0023  
                       Led_Toggle@F2751 002F                        _tmr3_counter_obj 0034  
                    _timer3_mood_select 112C                          _port_registers 000B  
                   ?_timer3_mood_select 003D                       ?_InterruptManager 003B  
                timer3_mood_select@_tmr 003D  
